2025-08-07 18:24:07,009 [INFO] :rocket: Running Scrapy spider...
2025-08-07 18:24:11,320 [INFO] :white_check_mark: Scraping complete.
2025-08-07 18:24:11,321 [INFO] :inbox_tray: Appending JSON to CSV...
2025-08-07 18:24:11,454 [INFO] :white_check_mark: Append complete.
2025-08-07 18:24:11,454 [INFO] 

2025-08-07 18:24:41,214 [INFO] :rocket: Running Scrapy spider...
2025-08-07 18:24:45,381 [INFO] :white_check_mark: Scraping complete.
2025-08-07 18:24:45,381 [INFO] :inbox_tray: Appending JSON to CSV...
2025-08-07 18:24:45,478 [INFO] :white_check_mark: Append complete.
2025-08-07 18:24:45,480 [INFO] 

2025-08-07 18:26:35,081 [INFO] :rocket: Running Scrapy spider...
2025-08-07 18:26:38,257 [INFO] :white_check_mark: Scraping complete.
2025-08-07 18:26:38,257 [INFO] :inbox_tray: Appending JSON to CSV...
2025-08-07 18:26:38,340 [INFO] :white_check_mark: Append complete.
2025-08-07 18:26:38,341 [INFO] 

2025-08-07 18:29:02,200 [INFO] :rocket: Running Scrapy spider...
2025-08-07 18:29:08,603 [INFO] :white_check_mark: Scraping complete.
2025-08-07 18:29:08,603 [INFO] :inbox_tray: Appending JSON to CSV...
2025-08-07 18:29:08,685 [INFO] :white_check_mark: Append complete.
2025-08-07 18:29:08,685 [INFO] 

2025-08-08 10:00:01,823 [INFO] :rocket: Running Scrapy spider...
2025-08-08 10:00:09,880 [INFO] :white_check_mark: Scraping complete.
2025-08-08 10:00:09,880 [INFO] :inbox_tray: Appending JSON to CSV...
2025-08-08 10:00:10,076 [INFO] :white_check_mark: Append complete.
2025-08-08 10:00:10,076 [INFO] 

2025-08-08 12:16:20,013 [INFO] :rocket: Running Scrapy spider...
2025-08-08 12:16:25,668 [INFO] :white_check_mark: Scraping complete.
2025-08-08 12:16:25,669 [INFO] :inbox_tray: Appending JSON to CSV...
2025-08-08 12:16:25,806 [INFO] :white_check_mark: Append complete.
2025-08-08 12:16:25,806 [INFO] 

2025-08-11 10:00:01,952 [INFO] :rocket: Running Scrapy spider...
2025-08-11 10:00:07,931 [INFO] :white_check_mark: Scraping complete.
2025-08-11 10:00:07,932 [INFO] :inbox_tray: Appending JSON to CSV...
2025-08-11 10:00:08,444 [INFO] :white_check_mark: Append complete.
2025-08-11 10:00:08,445 [INFO] 

2025-08-12 10:00:14,497 [INFO] :rocket: Running Scrapy spider...
2025-08-12 10:00:22,920 [INFO] :white_check_mark: Scraping complete.
2025-08-12 10:00:22,920 [INFO] :inbox_tray: Appending JSON to CSV...
2025-08-12 10:00:23,084 [INFO] :white_check_mark: Append complete.
2025-08-12 10:00:23,084 [INFO] 

2025-08-13 10:00:04,708 [INFO] :rocket: Running Scrapy spider...
2025-08-13 10:00:23,748 [INFO] :white_check_mark: Scraping complete.
2025-08-13 10:00:23,749 [INFO] :inbox_tray: Appending JSON to CSV...
2025-08-13 10:00:23,903 [INFO] :white_check_mark: Append complete.
2025-08-13 10:00:23,903 [INFO] 

2025-08-13 05:18:07,789 [INFO] :rocket: Running Scrapy spider...
2025-08-13 05:18:11,976 [INFO] :white_check_mark: Scraping complete.
2025-08-13 05:18:11,976 [INFO] :inbox_tray: Appending JSON to CSV...
2025-08-13 05:18:12,006 [INFO] :white_check_mark: Append complete.
2025-08-13 05:18:12,006 [INFO] 

2025-08-13 05:31:32,439 [INFO] :rocket: Running Scrapy spider...
2025-08-13 05:31:34,849 [INFO] :white_check_mark: Scraping complete.
2025-08-13 05:31:34,849 [INFO] :inbox_tray: Appending JSON to CSV...
2025-08-13 05:31:34,879 [INFO] :white_check_mark: Append complete.
2025-08-13 05:31:34,879 [INFO] 

2025-08-13 05:41:38,932 [INFO] :rocket: Running Scrapy spider...
2025-08-13 05:41:42,807 [INFO] :white_check_mark: Scraping complete.
2025-08-13 05:41:42,807 [INFO] :inbox_tray: Appending JSON to CSV...
2025-08-13 05:41:42,839 [INFO] :white_check_mark: Append complete.
2025-08-13 05:41:42,839 [INFO] 

2025-08-14 05:41:33,403 [INFO] :rocket: Running Scrapy spider...
2025-08-14 05:41:37,039 [INFO] :white_check_mark: Scraping complete.
2025-08-14 05:41:37,039 [INFO] :inbox_tray: Appending JSON to CSV...
2025-08-14 05:41:37,069 [INFO] :white_check_mark: Append complete.
2025-08-14 05:41:37,070 [INFO] 

2025-08-15 05:41:18,744 [INFO] :rocket: Running Scrapy spider...
2025-08-15 05:41:21,285 [INFO] :white_check_mark: Scraping complete.
2025-08-15 05:41:21,286 [INFO] :inbox_tray: Appending JSON to CSV...
2025-08-15 05:41:21,316 [INFO] :white_check_mark: Append complete.
2025-08-15 05:41:21,316 [INFO] 

2025-08-16 05:39:16,039 [INFO] :rocket: Running Scrapy spider...
2025-08-16 05:39:19,767 [INFO] :white_check_mark: Scraping complete.
2025-08-16 05:39:19,767 [INFO] :inbox_tray: Appending JSON to CSV...
2025-08-16 05:39:19,796 [INFO] :white_check_mark: Append complete.
2025-08-16 05:39:19,796 [INFO] 

2025-08-17 05:39:47,195 [INFO] :rocket: Running Scrapy spider...
2025-08-17 05:39:52,102 [INFO] :white_check_mark: Scraping complete.
2025-08-17 05:39:52,103 [INFO] :inbox_tray: Appending JSON to CSV...
2025-08-17 05:39:52,132 [INFO] :white_check_mark: Append complete.
2025-08-17 05:39:52,132 [INFO] 

2025-08-18 05:43:57,100 [INFO] :rocket: Running Scrapy spider...
2025-08-18 05:44:01,105 [INFO] :white_check_mark: Scraping complete.
2025-08-18 05:44:01,105 [INFO] :inbox_tray: Appending JSON to CSV...
2025-08-18 05:44:01,135 [INFO] :white_check_mark: Append complete.
2025-08-18 05:44:01,135 [INFO] 

2025-08-19 05:39:14,060 [INFO] :rocket: Running Scrapy spider...
2025-08-19 05:39:16,606 [INFO] :white_check_mark: Scraping complete.
2025-08-19 05:39:16,606 [INFO] :inbox_tray: Appending JSON to CSV...
2025-08-19 05:39:16,636 [INFO] :white_check_mark: Append complete.
2025-08-19 05:39:16,636 [INFO] 

2025-08-20 05:39:33,347 [INFO] :rocket: Running Scrapy spider...
2025-08-20 05:39:37,284 [INFO] :white_check_mark: Scraping complete.
2025-08-20 05:39:37,284 [INFO] :inbox_tray: Appending JSON to CSV...
2025-08-20 05:39:37,314 [INFO] :white_check_mark: Append complete.
2025-08-20 05:39:37,314 [INFO] 

2025-08-21 05:39:24,437 [INFO] :rocket: Running Scrapy spider...
2025-08-21 05:39:27,489 [INFO] :white_check_mark: Scraping complete.
2025-08-21 05:39:27,489 [INFO] :inbox_tray: Appending JSON to CSV...
2025-08-21 05:39:27,519 [INFO] :white_check_mark: Append complete.
2025-08-21 05:39:27,519 [INFO] 

2025-08-22 05:38:53,146 [INFO] :rocket: Running Scrapy spider...
2025-08-22 05:38:57,392 [INFO] :white_check_mark: Scraping complete.
2025-08-22 05:38:57,392 [INFO] :inbox_tray: Appending JSON to CSV...
2025-08-22 05:38:57,422 [INFO] :white_check_mark: Append complete.
2025-08-22 05:38:57,422 [INFO] 

2025-08-23 05:36:54,305 [INFO] :rocket: Running Scrapy spider...
2025-08-23 05:36:56,823 [INFO] :white_check_mark: Scraping complete.
2025-08-23 05:36:56,823 [INFO] :inbox_tray: Appending JSON to CSV...
2025-08-23 05:36:56,855 [INFO] :white_check_mark: Append complete.
2025-08-23 05:36:56,855 [INFO] 

2025-08-24 05:38:07,715 [INFO] :rocket: Running Scrapy spider...
2025-08-24 05:38:10,575 [INFO] :white_check_mark: Scraping complete.
2025-08-24 05:38:10,575 [INFO] :inbox_tray: Appending JSON to CSV...
2025-08-24 05:38:10,606 [INFO] :white_check_mark: Append complete.
2025-08-24 05:38:10,606 [INFO] 

2025-08-25 05:40:06,015 [INFO] :rocket: Running Scrapy spider...
2025-08-25 05:40:08,657 [INFO] :white_check_mark: Scraping complete.
2025-08-25 05:40:08,657 [INFO] :inbox_tray: Appending JSON to CSV...
2025-08-25 05:40:08,688 [INFO] :white_check_mark: Append complete.
2025-08-25 05:40:08,688 [INFO] 

2025-08-26 05:39:14,436 [INFO] :rocket: Running Scrapy spider...
2025-08-26 05:39:18,146 [INFO] :white_check_mark: Scraping complete.
2025-08-26 05:39:18,146 [INFO] :inbox_tray: Appending JSON to CSV...
2025-08-26 05:39:18,176 [INFO] :white_check_mark: Append complete.
2025-08-26 05:39:18,177 [INFO] 

2025-08-27 05:38:06,250 [INFO] :rocket: Running Scrapy spider...
2025-08-27 05:38:09,115 [INFO] :white_check_mark: Scraping complete.
2025-08-27 05:38:09,115 [INFO] :inbox_tray: Appending JSON to CSV...
2025-08-27 05:38:09,145 [INFO] :white_check_mark: Append complete.
2025-08-27 05:38:09,145 [INFO] 

2025-08-28 05:37:54,599 [INFO] :rocket: Running Scrapy spider...
2025-08-28 05:37:58,973 [INFO] :white_check_mark: Scraping complete.
2025-08-28 05:37:58,973 [INFO] :inbox_tray: Appending JSON to CSV...
2025-08-28 05:37:59,003 [INFO] :white_check_mark: Append complete.
2025-08-28 05:37:59,003 [INFO] 

2025-08-29 05:37:18,807 [INFO] :rocket: Running Scrapy spider...
2025-08-29 05:37:23,154 [INFO] :white_check_mark: Scraping complete.
2025-08-29 05:37:23,154 [INFO] :inbox_tray: Appending JSON to CSV...
2025-08-29 05:37:23,183 [INFO] :white_check_mark: Append complete.
2025-08-29 05:37:23,184 [INFO] 

2025-08-30 05:34:48,495 [INFO] :rocket: Running Scrapy spider...
2025-08-30 05:34:51,316 [INFO] :white_check_mark: Scraping complete.
2025-08-30 05:34:51,316 [INFO] :inbox_tray: Appending JSON to CSV...
2025-08-30 05:34:51,346 [INFO] :white_check_mark: Append complete.
2025-08-30 05:34:51,346 [INFO] 

2025-08-31 05:35:59,483 [INFO] :rocket: Running Scrapy spider...
2025-08-31 05:36:02,437 [INFO] :white_check_mark: Scraping complete.
2025-08-31 05:36:02,437 [INFO] :inbox_tray: Appending JSON to CSV...
2025-08-31 05:36:02,469 [INFO] :white_check_mark: Append complete.
2025-08-31 05:36:02,469 [INFO] 

2025-09-01 05:39:11,988 [INFO] :rocket: Running Scrapy spider...
2025-09-01 05:39:14,991 [INFO] :white_check_mark: Scraping complete.
2025-09-01 05:39:14,991 [INFO] :inbox_tray: Appending JSON to CSV...
2025-09-01 05:39:15,022 [INFO] :white_check_mark: Append complete.
2025-09-01 05:39:15,022 [INFO] 

2025-09-02 05:38:52,559 [INFO] :rocket: Running Scrapy spider...
2025-09-02 05:38:55,230 [INFO] :white_check_mark: Scraping complete.
2025-09-02 05:38:55,230 [INFO] :inbox_tray: Appending JSON to CSV...
2025-09-02 05:38:55,261 [INFO] :white_check_mark: Append complete.
2025-09-02 05:38:55,261 [INFO] 

2025-09-03 05:35:44,556 [INFO] :rocket: Running Scrapy spider...
2025-09-03 05:35:49,115 [INFO] :white_check_mark: Scraping complete.
2025-09-03 05:35:49,115 [INFO] :inbox_tray: Appending JSON to CSV...
2025-09-03 05:35:49,147 [INFO] :white_check_mark: Append complete.
2025-09-03 05:35:49,148 [INFO] 

2025-09-04 05:36:09,097 [INFO] :rocket: Running Scrapy spider...
2025-09-04 05:36:11,909 [INFO] :white_check_mark: Scraping complete.
2025-09-04 05:36:11,909 [INFO] :inbox_tray: Appending JSON to CSV...
2025-09-04 05:36:11,940 [INFO] :white_check_mark: Append complete.
2025-09-04 05:36:11,940 [INFO] 

2025-09-05 05:36:32,056 [INFO] :rocket: Running Scrapy spider...
2025-09-05 05:36:35,510 [INFO] :white_check_mark: Scraping complete.
2025-09-05 05:36:35,511 [INFO] :inbox_tray: Appending JSON to CSV...
2025-09-05 05:36:35,541 [INFO] :white_check_mark: Append complete.
2025-09-05 05:36:35,541 [INFO] 

2025-09-06 05:34:24,894 [INFO] :rocket: Running Scrapy spider...
2025-09-06 05:34:30,210 [INFO] :white_check_mark: Scraping complete.
2025-09-06 05:34:30,210 [INFO] :inbox_tray: Appending JSON to CSV...
2025-09-06 05:34:30,241 [INFO] :white_check_mark: Append complete.
2025-09-06 05:34:30,241 [INFO] 

2025-09-07 05:33:45,173 [INFO] :rocket: Running Scrapy spider...
2025-09-07 05:33:50,178 [INFO] :white_check_mark: Scraping complete.
2025-09-07 05:33:50,178 [INFO] :inbox_tray: Appending JSON to CSV...
2025-09-07 05:33:50,208 [INFO] :white_check_mark: Append complete.
2025-09-07 05:33:50,208 [INFO] 

2025-09-08 05:37:22,570 [INFO] :rocket: Running Scrapy spider...
2025-09-08 05:37:25,585 [INFO] :white_check_mark: Scraping complete.
2025-09-08 05:37:25,585 [INFO] :inbox_tray: Appending JSON to CSV...
2025-09-08 05:37:25,616 [INFO] :white_check_mark: Append complete.
2025-09-08 05:37:25,616 [INFO] 

2025-09-09 05:37:08,898 [INFO] :rocket: Running Scrapy spider...
2025-09-09 05:37:11,838 [INFO] :white_check_mark: Scraping complete.
2025-09-09 05:37:11,838 [INFO] :inbox_tray: Appending JSON to CSV...
2025-09-09 05:37:11,868 [INFO] :white_check_mark: Append complete.
2025-09-09 05:37:11,869 [INFO] 

2025-09-10 05:36:26,060 [INFO] :rocket: Running Scrapy spider...
2025-09-10 05:36:29,917 [INFO] :white_check_mark: Scraping complete.
2025-09-10 05:36:29,917 [INFO] :inbox_tray: Appending JSON to CSV...
2025-09-10 05:36:29,948 [INFO] :white_check_mark: Append complete.
2025-09-10 05:36:29,948 [INFO] 

2025-09-11 05:36:53,777 [INFO] :rocket: Running Scrapy spider...
2025-09-11 05:36:56,710 [INFO] :white_check_mark: Scraping complete.
2025-09-11 05:36:56,710 [INFO] :inbox_tray: Appending JSON to CSV...
2025-09-11 05:36:56,741 [INFO] :white_check_mark: Append complete.
2025-09-11 05:36:56,742 [INFO] 

2025-09-12 05:35:58,305 [INFO] :rocket: Running Scrapy spider...
2025-09-12 05:36:01,006 [INFO] :white_check_mark: Scraping complete.
2025-09-12 05:36:01,006 [INFO] :inbox_tray: Appending JSON to CSV...
2025-09-12 05:36:01,037 [INFO] :white_check_mark: Append complete.
2025-09-12 05:36:01,037 [INFO] 

2025-09-13 05:33:32,648 [INFO] :rocket: Running Scrapy spider...
2025-09-13 05:33:35,415 [INFO] :white_check_mark: Scraping complete.
2025-09-13 05:33:35,415 [INFO] :inbox_tray: Appending JSON to CSV...
2025-09-13 05:33:35,444 [INFO] :white_check_mark: Append complete.
2025-09-13 05:33:35,445 [INFO] 

2025-09-14 05:33:31,228 [INFO] :rocket: Running Scrapy spider...
2025-09-14 05:33:35,191 [INFO] :white_check_mark: Scraping complete.
2025-09-14 05:33:35,192 [INFO] :inbox_tray: Appending JSON to CSV...
2025-09-14 05:33:35,221 [INFO] :white_check_mark: Append complete.
2025-09-14 05:33:35,221 [INFO] 

2025-09-15 05:38:03,413 [INFO] :rocket: Running Scrapy spider...
2025-09-15 05:38:08,232 [INFO] :white_check_mark: Scraping complete.
2025-09-15 05:38:08,233 [INFO] :inbox_tray: Appending JSON to CSV...
2025-09-15 05:38:08,262 [INFO] :white_check_mark: Append complete.
2025-09-15 05:38:08,263 [INFO] 

2025-09-16 05:36:20,888 [INFO] :rocket: Running Scrapy spider...
2025-09-16 05:36:23,369 [INFO] :white_check_mark: Scraping complete.
2025-09-16 05:36:23,369 [INFO] :inbox_tray: Appending JSON to CSV...
2025-09-16 05:36:23,398 [INFO] :white_check_mark: Append complete.
2025-09-16 05:36:23,398 [INFO] 

2025-09-17 05:36:49,491 [INFO] :rocket: Running Scrapy spider...
2025-09-17 05:36:52,853 [INFO] :white_check_mark: Scraping complete.
2025-09-17 05:36:52,853 [INFO] :inbox_tray: Appending JSON to CSV...
2025-09-17 05:36:52,882 [INFO] :white_check_mark: Append complete.
2025-09-17 05:36:52,883 [INFO] 

2025-09-18 05:35:57,457 [INFO] :rocket: Running Scrapy spider...
2025-09-18 05:36:00,792 [INFO] :white_check_mark: Scraping complete.
2025-09-18 05:36:00,792 [INFO] :inbox_tray: Appending JSON to CSV...
2025-09-18 05:36:00,825 [INFO] :white_check_mark: Append complete.
2025-09-18 05:36:00,825 [INFO] 

2025-09-19 05:36:06,840 [INFO] :rocket: Running Scrapy spider...
2025-09-19 05:36:09,616 [INFO] :white_check_mark: Scraping complete.
2025-09-19 05:36:09,616 [INFO] :inbox_tray: Appending JSON to CSV...
2025-09-19 05:36:09,646 [INFO] :white_check_mark: Append complete.
2025-09-19 05:36:09,646 [INFO] 

2025-09-20 05:35:54,786 [INFO] :rocket: Running Scrapy spider...
2025-09-20 05:35:58,282 [INFO] :white_check_mark: Scraping complete.
2025-09-20 05:35:58,282 [INFO] :inbox_tray: Appending JSON to CSV...
2025-09-20 05:35:58,311 [INFO] :white_check_mark: Append complete.
2025-09-20 05:35:58,311 [INFO] 

2025-09-21 05:35:59,967 [INFO] :rocket: Running Scrapy spider...
2025-09-21 05:36:05,417 [INFO] :white_check_mark: Scraping complete.
2025-09-21 05:36:05,417 [INFO] :inbox_tray: Appending JSON to CSV...
2025-09-21 05:36:05,447 [INFO] :white_check_mark: Append complete.
2025-09-21 05:36:05,447 [INFO] 

2025-09-22 05:37:54,450 [INFO] :rocket: Running Scrapy spider...
2025-09-22 05:38:01,599 [INFO] :white_check_mark: Scraping complete.
2025-09-22 05:38:01,599 [INFO] :inbox_tray: Appending JSON to CSV...
2025-09-22 05:38:01,629 [INFO] :white_check_mark: Append complete.
2025-09-22 05:38:01,630 [INFO] 

2025-09-23 05:37:39,288 [INFO] :rocket: Running Scrapy spider...
2025-09-23 05:37:43,196 [INFO] :white_check_mark: Scraping complete.
2025-09-23 05:37:43,196 [INFO] :inbox_tray: Appending JSON to CSV...
2025-09-23 05:37:43,225 [INFO] :white_check_mark: Append complete.
2025-09-23 05:37:43,225 [INFO] 

2025-09-24 05:37:01,621 [INFO] :rocket: Running Scrapy spider...
2025-09-24 05:37:05,249 [INFO] :white_check_mark: Scraping complete.
2025-09-24 05:37:05,249 [INFO] :inbox_tray: Appending JSON to CSV...
2025-09-24 05:37:05,278 [INFO] :white_check_mark: Append complete.
2025-09-24 05:37:05,278 [INFO] 

2025-09-25 05:37:41,344 [INFO] :rocket: Running Scrapy spider...
2025-09-25 05:37:46,563 [INFO] :white_check_mark: Scraping complete.
2025-09-25 05:37:46,563 [INFO] :inbox_tray: Appending JSON to CSV...
2025-09-25 05:37:46,592 [INFO] :white_check_mark: Append complete.
2025-09-25 05:37:46,593 [INFO] 

2025-09-26 05:37:11,481 [INFO] :rocket: Running Scrapy spider...
2025-09-26 05:37:15,540 [INFO] :white_check_mark: Scraping complete.
2025-09-26 05:37:15,540 [INFO] :inbox_tray: Appending JSON to CSV...
2025-09-26 05:37:15,570 [INFO] :white_check_mark: Append complete.
2025-09-26 05:37:15,570 [INFO] 

2025-09-27 05:33:59,740 [INFO] :rocket: Running Scrapy spider...
2025-09-27 05:34:03,210 [INFO] :white_check_mark: Scraping complete.
2025-09-27 05:34:03,211 [INFO] :inbox_tray: Appending JSON to CSV...
2025-09-27 05:34:03,241 [INFO] :white_check_mark: Append complete.
2025-09-27 05:34:03,242 [INFO] 

2025-09-28 05:35:00,857 [INFO] :rocket: Running Scrapy spider...
2025-09-28 05:35:03,537 [INFO] :white_check_mark: Scraping complete.
2025-09-28 05:35:03,537 [INFO] :inbox_tray: Appending JSON to CSV...
2025-09-28 05:35:03,567 [INFO] :white_check_mark: Append complete.
2025-09-28 05:35:03,568 [INFO] 

2025-09-29 05:38:06,050 [INFO] :rocket: Running Scrapy spider...
2025-09-29 05:38:10,464 [INFO] :white_check_mark: Scraping complete.
2025-09-29 05:38:10,465 [INFO] :inbox_tray: Appending JSON to CSV...
2025-09-29 05:38:10,494 [INFO] :white_check_mark: Append complete.
2025-09-29 05:38:10,494 [INFO] 

2025-09-30 05:38:03,101 [INFO] :rocket: Running Scrapy spider...
2025-09-30 05:38:05,904 [INFO] :white_check_mark: Scraping complete.
2025-09-30 05:38:05,904 [INFO] :inbox_tray: Appending JSON to CSV...
2025-09-30 05:38:05,934 [INFO] :white_check_mark: Append complete.
2025-09-30 05:38:05,934 [INFO] 

2025-10-01 05:38:17,145 [INFO] :rocket: Running Scrapy spider...
2025-10-01 05:38:20,287 [INFO] :white_check_mark: Scraping complete.
2025-10-01 05:38:20,287 [INFO] :inbox_tray: Appending JSON to CSV...
2025-10-01 05:38:20,317 [INFO] :white_check_mark: Append complete.
2025-10-01 05:38:20,317 [INFO] 

2025-10-02 05:35:10,671 [INFO] :rocket: Running Scrapy spider...
2025-10-02 05:35:14,843 [INFO] :white_check_mark: Scraping complete.
2025-10-02 05:35:14,843 [INFO] :inbox_tray: Appending JSON to CSV...
2025-10-02 05:35:14,873 [INFO] :white_check_mark: Append complete.
2025-10-02 05:35:14,873 [INFO] 

2025-10-03 05:36:41,782 [INFO] :rocket: Running Scrapy spider...
2025-10-03 05:36:46,213 [INFO] :white_check_mark: Scraping complete.
2025-10-03 05:36:46,213 [INFO] :inbox_tray: Appending JSON to CSV...
2025-10-03 05:36:46,243 [INFO] :white_check_mark: Append complete.
2025-10-03 05:36:46,243 [INFO] 

2025-10-04 05:34:39,558 [INFO] :rocket: Running Scrapy spider...
2025-10-04 05:34:43,408 [INFO] :white_check_mark: Scraping complete.
2025-10-04 05:34:43,408 [INFO] :inbox_tray: Appending JSON to CSV...
2025-10-04 05:34:43,438 [INFO] :white_check_mark: Append complete.
2025-10-04 05:34:43,438 [INFO] 

2025-10-05 05:33:38,348 [INFO] :rocket: Running Scrapy spider...
2025-10-05 05:33:41,221 [INFO] :white_check_mark: Scraping complete.
2025-10-05 05:33:41,221 [INFO] :inbox_tray: Appending JSON to CSV...
2025-10-05 05:33:41,251 [INFO] :white_check_mark: Append complete.
2025-10-05 05:33:41,251 [INFO] 

2025-10-06 05:36:52,689 [INFO] :rocket: Running Scrapy spider...
2025-10-06 05:36:55,353 [INFO] :white_check_mark: Scraping complete.
2025-10-06 05:36:55,354 [INFO] :inbox_tray: Appending JSON to CSV...
2025-10-06 05:36:55,381 [INFO] :white_check_mark: Append complete.
2025-10-06 05:36:55,381 [INFO] 

2025-10-07 05:36:48,120 [INFO] :rocket: Running Scrapy spider...
2025-10-07 05:36:51,624 [INFO] :white_check_mark: Scraping complete.
2025-10-07 05:36:51,624 [INFO] :inbox_tray: Appending JSON to CSV...
2025-10-07 05:36:51,654 [INFO] :white_check_mark: Append complete.
2025-10-07 05:36:51,655 [INFO] 

2025-10-08 05:37:24,527 [INFO] :rocket: Running Scrapy spider...
2025-10-08 05:37:28,168 [INFO] :white_check_mark: Scraping complete.
2025-10-08 05:37:28,168 [INFO] :inbox_tray: Appending JSON to CSV...
2025-10-08 05:37:28,195 [INFO] :white_check_mark: Append complete.
2025-10-08 05:37:28,195 [INFO] 

2025-10-09 05:37:24,094 [INFO] :rocket: Running Scrapy spider...
2025-10-09 05:37:27,288 [INFO] :white_check_mark: Scraping complete.
2025-10-09 05:37:27,288 [INFO] :inbox_tray: Appending JSON to CSV...
2025-10-09 05:37:27,318 [INFO] :white_check_mark: Append complete.
2025-10-09 05:37:27,318 [INFO] 

2025-10-10 05:37:29,770 [INFO] :rocket: Running Scrapy spider...
2025-10-10 05:37:32,616 [INFO] :white_check_mark: Scraping complete.
2025-10-10 05:37:32,616 [INFO] :inbox_tray: Appending JSON to CSV...
2025-10-10 05:37:32,647 [INFO] :white_check_mark: Append complete.
2025-10-10 05:37:32,647 [INFO] 

2025-10-11 05:34:38,035 [INFO] :rocket: Running Scrapy spider...
2025-10-11 05:34:41,094 [INFO] :white_check_mark: Scraping complete.
2025-10-11 05:34:41,094 [INFO] :inbox_tray: Appending JSON to CSV...
2025-10-11 05:34:41,124 [INFO] :white_check_mark: Append complete.
2025-10-11 05:34:41,124 [INFO] 

2025-10-12 05:34:18,206 [INFO] :rocket: Running Scrapy spider...
2025-10-12 05:34:22,334 [INFO] :white_check_mark: Scraping complete.
2025-10-12 05:34:22,334 [INFO] :inbox_tray: Appending JSON to CSV...
2025-10-12 05:34:22,364 [INFO] :white_check_mark: Append complete.
2025-10-12 05:34:22,364 [INFO] 

2025-10-13 05:38:57,238 [INFO] :rocket: Running Scrapy spider...
2025-10-13 05:39:01,510 [INFO] :white_check_mark: Scraping complete.
2025-10-13 05:39:01,510 [INFO] :inbox_tray: Appending JSON to CSV...
2025-10-13 05:39:01,540 [INFO] :white_check_mark: Append complete.
2025-10-13 05:39:01,540 [INFO] 

2025-10-14 05:36:30,166 [INFO] :rocket: Running Scrapy spider...
2025-10-14 05:36:32,936 [INFO] :white_check_mark: Scraping complete.
2025-10-14 05:36:32,936 [INFO] :inbox_tray: Appending JSON to CSV...
2025-10-14 05:36:32,966 [INFO] :white_check_mark: Append complete.
2025-10-14 05:36:32,966 [INFO] 

2025-10-15 05:37:38,552 [INFO] :rocket: Running Scrapy spider...
2025-10-15 05:37:41,307 [INFO] :white_check_mark: Scraping complete.
2025-10-15 05:37:41,307 [INFO] :inbox_tray: Appending JSON to CSV...
2025-10-15 05:37:41,337 [INFO] :white_check_mark: Append complete.
2025-10-15 05:37:41,337 [INFO] 

2025-10-16 05:37:34,151 [INFO] :rocket: Running Scrapy spider...
2025-10-16 05:37:40,220 [INFO] :white_check_mark: Scraping complete.
2025-10-16 05:37:40,221 [INFO] :inbox_tray: Appending JSON to CSV...
2025-10-16 05:37:40,251 [INFO] :white_check_mark: Append complete.
2025-10-16 05:37:40,251 [INFO] 

2025-10-17 05:37:39,993 [INFO] :rocket: Running Scrapy spider...
2025-10-17 05:37:44,113 [INFO] :white_check_mark: Scraping complete.
2025-10-17 05:37:44,113 [INFO] :inbox_tray: Appending JSON to CSV...
2025-10-17 05:37:44,142 [INFO] :white_check_mark: Append complete.
2025-10-17 05:37:44,142 [INFO] 

2025-10-18 05:35:52,330 [INFO] :rocket: Running Scrapy spider...
2025-10-18 05:35:56,871 [INFO] :white_check_mark: Scraping complete.
2025-10-18 05:35:56,871 [INFO] :inbox_tray: Appending JSON to CSV...
2025-10-18 05:35:56,901 [INFO] :white_check_mark: Append complete.
2025-10-18 05:35:56,901 [INFO] 

2025-10-19 05:37:17,633 [INFO] :rocket: Running Scrapy spider...
2025-10-19 05:37:20,486 [INFO] :white_check_mark: Scraping complete.
2025-10-19 05:37:20,486 [INFO] :inbox_tray: Appending JSON to CSV...
2025-10-19 05:37:20,516 [INFO] :white_check_mark: Append complete.
2025-10-19 05:37:20,516 [INFO] 

2025-10-20 05:38:22,813 [INFO] :rocket: Running Scrapy spider...
2025-10-20 05:38:26,667 [INFO] :white_check_mark: Scraping complete.
2025-10-20 05:38:26,667 [INFO] :inbox_tray: Appending JSON to CSV...
2025-10-20 05:38:26,698 [INFO] :white_check_mark: Append complete.
2025-10-20 05:38:26,698 [INFO] 

2025-10-21 05:38:22,201 [INFO] :rocket: Running Scrapy spider...
2025-10-21 05:38:28,318 [INFO] :white_check_mark: Scraping complete.
2025-10-21 05:38:28,318 [INFO] :inbox_tray: Appending JSON to CSV...
2025-10-21 05:38:28,349 [INFO] :white_check_mark: Append complete.
2025-10-21 05:38:28,350 [INFO] 

2025-10-22 05:38:52,086 [INFO] :rocket: Running Scrapy spider...
2025-10-22 05:38:55,324 [INFO] :white_check_mark: Scraping complete.
2025-10-22 05:38:55,324 [INFO] :inbox_tray: Appending JSON to CSV...
2025-10-22 05:38:55,354 [INFO] :white_check_mark: Append complete.
2025-10-22 05:38:55,354 [INFO] 

2025-10-23 05:38:17,099 [INFO] :rocket: Running Scrapy spider...
2025-10-23 05:38:21,095 [INFO] :white_check_mark: Scraping complete.
2025-10-23 05:38:21,095 [INFO] :inbox_tray: Appending JSON to CSV...
2025-10-23 05:38:21,125 [INFO] :white_check_mark: Append complete.
2025-10-23 05:38:21,125 [INFO] 

2025-10-24 05:38:03,852 [INFO] :rocket: Running Scrapy spider...
2025-10-24 05:38:06,394 [INFO] :white_check_mark: Scraping complete.
2025-10-24 05:38:06,394 [INFO] :inbox_tray: Appending JSON to CSV...
2025-10-24 05:38:06,424 [INFO] :white_check_mark: Append complete.
2025-10-24 05:38:06,424 [INFO] 

2025-10-25 05:36:33,714 [INFO] :rocket: Running Scrapy spider...
2025-10-25 05:36:37,319 [INFO] :white_check_mark: Scraping complete.
2025-10-25 05:36:37,319 [INFO] :inbox_tray: Appending JSON to CSV...
2025-10-25 05:36:37,350 [INFO] :white_check_mark: Append complete.
2025-10-25 05:36:37,350 [INFO] 

2025-10-26 05:37:12,520 [INFO] :rocket: Running Scrapy spider...
2025-10-26 05:37:16,710 [INFO] :white_check_mark: Scraping complete.
2025-10-26 05:37:16,710 [INFO] :inbox_tray: Appending JSON to CSV...
2025-10-26 05:37:16,741 [INFO] :white_check_mark: Append complete.
2025-10-26 05:37:16,741 [INFO] 

2025-10-27 05:40:18,953 [INFO] :rocket: Running Scrapy spider...
2025-10-27 05:40:23,438 [INFO] :white_check_mark: Scraping complete.
2025-10-27 05:40:23,438 [INFO] :inbox_tray: Appending JSON to CSV...
2025-10-27 05:40:23,468 [INFO] :white_check_mark: Append complete.
2025-10-27 05:40:23,468 [INFO] 

2025-10-28 05:39:18,262 [INFO] :rocket: Running Scrapy spider...
2025-10-28 05:39:21,371 [INFO] :white_check_mark: Scraping complete.
2025-10-28 05:39:21,372 [INFO] :inbox_tray: Appending JSON to CSV...
2025-10-28 05:39:21,402 [INFO] :white_check_mark: Append complete.
2025-10-28 05:39:21,403 [INFO] 

2025-10-29 05:40:05,847 [INFO] :rocket: Running Scrapy spider...
2025-10-29 05:40:11,076 [INFO] :white_check_mark: Scraping complete.
2025-10-29 05:40:11,076 [INFO] :inbox_tray: Appending JSON to CSV...
2025-10-29 05:40:11,107 [INFO] :white_check_mark: Append complete.
2025-10-29 05:40:11,107 [INFO] 

2025-10-30 05:38:31,632 [INFO] :rocket: Running Scrapy spider...
2025-10-30 05:38:35,351 [INFO] :white_check_mark: Scraping complete.
2025-10-30 05:38:35,351 [INFO] :inbox_tray: Appending JSON to CSV...
2025-10-30 05:38:35,381 [INFO] :white_check_mark: Append complete.
2025-10-30 05:38:35,382 [INFO] 

2025-10-31 05:39:09,177 [INFO] :rocket: Running Scrapy spider...
2025-10-31 05:39:13,638 [INFO] :white_check_mark: Scraping complete.
2025-10-31 05:39:13,638 [INFO] :inbox_tray: Appending JSON to CSV...
2025-10-31 05:39:13,668 [INFO] :white_check_mark: Append complete.
2025-10-31 05:39:13,668 [INFO] 

2025-11-01 05:37:02,528 [INFO] :rocket: Running Scrapy spider...
2025-11-01 05:37:06,728 [INFO] :white_check_mark: Scraping complete.
2025-11-01 05:37:06,728 [INFO] :inbox_tray: Appending JSON to CSV...
2025-11-01 05:37:06,760 [INFO] :white_check_mark: Append complete.
2025-11-01 05:37:06,760 [INFO] 

2025-11-02 05:37:35,156 [INFO] :rocket: Running Scrapy spider...
2025-11-02 05:37:37,855 [INFO] :white_check_mark: Scraping complete.
2025-11-02 05:37:37,855 [INFO] :inbox_tray: Appending JSON to CSV...
2025-11-02 05:37:37,884 [INFO] :white_check_mark: Append complete.
2025-11-02 05:37:37,885 [INFO] 

2025-11-03 05:39:30,991 [INFO] :rocket: Running Scrapy spider...
2025-11-03 05:39:34,657 [INFO] :white_check_mark: Scraping complete.
2025-11-03 05:39:34,657 [INFO] :inbox_tray: Appending JSON to CSV...
2025-11-03 05:39:34,689 [INFO] :white_check_mark: Append complete.
2025-11-03 05:39:34,689 [INFO] 

2025-11-04 05:38:55,734 [INFO] :rocket: Running Scrapy spider...
2025-11-04 05:38:58,694 [INFO] :white_check_mark: Scraping complete.
2025-11-04 05:38:58,694 [INFO] :inbox_tray: Appending JSON to CSV...
2025-11-04 05:38:58,722 [INFO] :white_check_mark: Append complete.
2025-11-04 05:38:58,723 [INFO] 

2025-11-05 05:39:03,385 [INFO] :rocket: Running Scrapy spider...
2025-11-05 05:39:07,039 [INFO] :white_check_mark: Scraping complete.
2025-11-05 05:39:07,039 [INFO] :inbox_tray: Appending JSON to CSV...
2025-11-05 05:39:07,069 [INFO] :white_check_mark: Append complete.
2025-11-05 05:39:07,070 [INFO] 

2025-11-06 05:39:27,499 [INFO] :rocket: Running Scrapy spider...
2025-11-06 05:39:31,265 [INFO] :white_check_mark: Scraping complete.
2025-11-06 05:39:31,265 [INFO] :inbox_tray: Appending JSON to CSV...
2025-11-06 05:39:31,295 [INFO] :white_check_mark: Append complete.
2025-11-06 05:39:31,295 [INFO] 

2025-11-07 05:38:51,183 [INFO] :rocket: Running Scrapy spider...
2025-11-07 05:38:54,759 [INFO] :white_check_mark: Scraping complete.
2025-11-07 05:38:54,760 [INFO] :inbox_tray: Appending JSON to CSV...
2025-11-07 05:38:54,789 [INFO] :white_check_mark: Append complete.
2025-11-07 05:38:54,789 [INFO] 

2025-11-08 05:37:20,023 [INFO] :rocket: Running Scrapy spider...
2025-11-08 05:37:23,858 [INFO] :white_check_mark: Scraping complete.
2025-11-08 05:37:23,858 [INFO] :inbox_tray: Appending JSON to CSV...
2025-11-08 05:37:23,886 [INFO] :white_check_mark: Append complete.
2025-11-08 05:37:23,886 [INFO] 

2025-11-09 05:37:22,826 [INFO] :rocket: Running Scrapy spider...
2025-11-09 05:37:25,921 [INFO] :white_check_mark: Scraping complete.
2025-11-09 05:37:25,921 [INFO] :inbox_tray: Appending JSON to CSV...
2025-11-09 05:37:25,952 [INFO] :white_check_mark: Append complete.
2025-11-09 05:37:25,953 [INFO] 

2025-11-10 05:39:25,029 [INFO] :rocket: Running Scrapy spider...
2025-11-10 05:39:28,053 [INFO] :white_check_mark: Scraping complete.
2025-11-10 05:39:28,053 [INFO] :inbox_tray: Appending JSON to CSV...
2025-11-10 05:39:28,083 [INFO] :white_check_mark: Append complete.
2025-11-10 05:39:28,083 [INFO] 

2025-11-11 05:39:23,997 [INFO] :rocket: Running Scrapy spider...
2025-11-11 05:39:28,186 [INFO] :white_check_mark: Scraping complete.
2025-11-11 05:39:28,187 [INFO] :inbox_tray: Appending JSON to CSV...
2025-11-11 05:39:28,217 [INFO] :white_check_mark: Append complete.
2025-11-11 05:39:28,217 [INFO] 

2025-11-12 05:39:22,138 [INFO] :rocket: Running Scrapy spider...
2025-11-12 05:39:25,170 [INFO] :white_check_mark: Scraping complete.
2025-11-12 05:39:25,170 [INFO] :inbox_tray: Appending JSON to CSV...
2025-11-12 05:39:25,200 [INFO] :white_check_mark: Append complete.
2025-11-12 05:39:25,200 [INFO] 

